INFO [11-12|10:56:14.771] Maximum peer count                       ETH=50 LES=0 total=50
INFO [11-12|10:56:14.820] Starting peer-to-peer node               instance=Geth/v1.9.6-stable-bd059680/windows-amd64/go1.13
INFO [11-12|10:56:14.820] Allocated trie memory caches             clean=256.00MiB dirty=256.00MiB
INFO [11-12|10:56:14.820] Allocated cache and file handles         database=C:\\Users\\Administrator\\Desktop\\win\\miner_v2\\data\\geth\\chaindata cache=512.00MiB handles=8192
INFO [11-12|10:56:14.839] Opened ancient database                  database=C:\\Users\\Administrator\\Desktop\\win\\miner_v2\\data\\geth\\chaindata\\ancient
INFO [11-12|10:56:14.840] Initialised chain configuration          config="{ChainID: 10086 Homestead: 0 DAO: <nil> DAOSupport: false EIP150: 0 EIP155: 0 EIP158: 0 Byzantium: 0 Constantinople: 0 Petersburg: 0 Istanbul: <nil> Engine: unknown}"
INFO [11-12|10:56:14.840] Disk storage enabled for ethash caches   dir=C:\\Users\\Administrator\\Desktop\\win\\miner_v2\\data\\geth\\ethash count=3
INFO [11-12|10:56:14.840] Disk storage enabled for ethash DAGs     dir=C:\\Users\\Administrator\\AppData\\Local\\Ethash count=2
INFO [11-12|10:56:14.840] Initialising Ethereum protocol           versions=[63] network=100 dbversion=7
WARN [11-12|10:56:14.873] Head state missing, repairing chain      number=33044 hash=c40872…474a31
INFO [11-12|10:56:14.874] Rewound blockchain to past state         number=33043 hash=7b3406…315c61
INFO [11-12|10:56:14.874] Loaded most recent local header          number=33044 hash=c40872…474a31 td=179972202934 age=18m20s
INFO [11-12|10:56:14.874] Loaded most recent local full block      number=33043 hash=7b3406…315c61 td=179928711532 age=47m28s
INFO [11-12|10:56:14.874] Loaded most recent local fast block      number=33044 hash=c40872…474a31 td=179972202934 age=18m20s
INFO [11-12|10:56:14.874] Loaded local transaction journal         transactions=0 dropped=0
INFO [11-12|10:56:14.875] Regenerated local transaction journal    transactions=0 accounts=0
WARN [11-12|10:56:14.875] Switch sync mode from fast sync to full sync 
INFO [11-12|10:56:14.896] New local node record                    seq=50 id=f14c56424ddd288f ip=127.0.0.1 udp=61910 tcp=61910
INFO [11-12|10:56:14.896] Started P2P networking                   self=enode://e4eb10e7bc245602b82c7991450ca85180dccc143a1c67a65a5fdb0873f2a33e9c1aff1f5dd9dac1115af9debe7b178eebdc537f76ae2086d13c8e2b5015584f@127.0.0.1:61910
INFO [11-12|10:56:14.897] IPC endpoint opened                      url=\\\\.\\pipe\\geth.ipc
INFO [11-12|10:56:14.897] HTTP endpoint opened                     url=http://127.0.0.1:8545 cors= vhosts=localhost
INFO [11-12|10:56:14.898] Transaction pool price threshold updated price=1000000000
INFO [11-12|10:56:14.898] Updated mining threads                   threads=1
INFO [11-12|10:56:14.898] Transaction pool price threshold updated price=1000000000
INFO [11-12|10:56:14.898] Commit new mining work                   number=33044 sealhash=cfdbb5…c2230e uncles=0 txs=0 gas=0 fees=0 elapsed=0s
INFO [11-12|10:56:27.780] Successfully sealed new block            number=33044 sealhash=cfdbb5…c2230e hash=3a4221…ac9899 elapsed=12.882s
INFO [11-12|10:56:27.780] 🔨 mined potential block                  number=33044 hash=3a4221…ac9899
INFO [11-12|10:56:27.780] Commit new mining work                   number=33045 sealhash=b76b31…c5aee0 uncles=0 txs=0 gas=0 fees=0 elapsed=0s
INFO [11-12|10:56:34.299] Successfully sealed new block            number=33045 sealhash=b76b31…c5aee0 hash=eb62b5…64862b elapsed=6.518s
INFO [11-12|10:56:34.299] 🔨 mined potential block                  number=33045 hash=eb62b5…64862b
INFO [11-12|10:56:34.300] Commit new mining work                   number=33046 sealhash=20ab25…d4e89d uncles=0 txs=0 gas=0 fees=0 elapsed=997µs
INFO [11-12|10:57:01.088] Successfully sealed new block            number=33046 sealhash=20ab25…d4e89d hash=218094…ef9fc9 elapsed=26.789s
INFO [11-12|10:57:01.088] 🔨 mined potential block                  number=33046 hash=218094…ef9fc9
INFO [11-12|10:57:01.088] Commit new mining work                   number=33047 sealhash=df1e6f…4368eb uncles=0 txs=0 gas=0 fees=0 elapsed=0s
INFO [11-12|10:57:04.745] Successfully sealed new block            number=33047 sealhash=df1e6f…4368eb hash=88ca4f…b04291 elapsed=3.657s
INFO [11-12|10:57:04.745] 🔨 mined potential block                  number=33047 hash=88ca4f…b04291
INFO [11-12|10:57:04.745] Commit new mining work                   number=33048 sealhash=9f1111…aee908 uncles=0 txs=0 gas=0 fees=0 elapsed=0s
INFO [11-12|10:57:21.002] Successfully sealed new block            number=33048 sealhash=9f1111…aee908 hash=e61759…90f34c elapsed=16.256s
INFO [11-12|10:57:21.002] 🔨 mined potential block                  number=33048 hash=e61759…90f34c
INFO [11-12|10:57:21.002] Commit new mining work                   number=33049 sealhash=46cac1…cabb64 uncles=0 txs=0 gas=0 fees=0 elapsed=0s
INFO [11-12|10:57:22.439] Successfully sealed new block            number=33049 sealhash=46cac1…cabb64 hash=a6f6b6…6782e6 elapsed=1.437s
INFO [11-12|10:57:22.439] 🔨 mined potential block                  number=33049 hash=a6f6b6…6782e6
INFO [11-12|10:57:22.439] Commit new mining work                   number=33050 sealhash=fde599…f1225f uncles=0 txs=0 gas=0 fees=0 elapsed=0s
INFO [11-12|10:57:23.560] Successfully sealed new block            number=33050 sealhash=fde599…f1225f hash=99c68f…dbe906 elapsed=1.120s
INFO [11-12|10:57:23.560] 🔨 mined potential block                  number=33050 hash=99c68f…dbe906
INFO [11-12|10:57:23.560] Commit new mining work                   number=33051 sealhash=981b55…489040 uncles=0 txs=0 gas=0 fees=0 elapsed=0s
INFO [11-12|10:57:24.847] Successfully sealed new block            number=33051 sealhash=981b55…489040 hash=e6a33a…544094 elapsed=1.286s
INFO [11-12|10:57:24.847] 🔗 block reached canonical chain          number=33044 hash=3a4221…ac9899
INFO [11-12|10:57:24.847] 🔨 mined potential block                  number=33051 hash=e6a33a…544094
INFO [11-12|10:57:24.847] Commit new mining work                   number=33052 sealhash=0883f2…414eea uncles=0 txs=0 gas=0 fees=0 elapsed=0s
INFO [11-12|10:57:28.154] Successfully sealed new block            number=33052 sealhash=0883f2…414eea hash=88f26f…c15fa9 elapsed=3.307s
INFO [11-12|10:57:28.154] 🔗 block reached canonical chain          number=33045 hash=eb62b5…64862b
INFO [11-12|10:57:28.154] 🔨 mined potential block                  number=33052 hash=88f26f…c15fa9
INFO [11-12|10:57:28.155] Commit new mining work                   number=33053 sealhash=24fb15…77f52a uncles=0 txs=0 gas=0 fees=0 elapsed=998.2µs
INFO [11-12|10:57:32.266] Successfully sealed new block            number=33053 sealhash=24fb15…77f52a hash=ced4d5…0783e0 elapsed=4.111s
INFO [11-12|10:57:32.266] 🔗 block reached canonical chain          number=33046 hash=218094…ef9fc9
INFO [11-12|10:57:32.266] 🔨 mined potential block                  number=33053 hash=ced4d5…0783e0
INFO [11-12|10:57:32.266] Commit new mining work                   number=33054 sealhash=f0003c…e49dbd uncles=0 txs=0 gas=0 fees=0 elapsed=0s
INFO [11-12|10:57:35.016] Successfully sealed new block            number=33054 sealhash=f0003c…e49dbd hash=9de8c7…dc0297 elapsed=2.750s
INFO [11-12|10:57:35.016] 🔗 block reached canonical chain          number=33047 hash=88ca4f…b04291
INFO [11-12|10:57:35.016] 🔨 mined potential block                  number=33054 hash=9de8c7…dc0297
INFO [11-12|10:57:35.016] Commit new mining work                   number=33055 sealhash=e52305…98718d uncles=0 txs=0 gas=0 fees=0 elapsed=0s
INFO [11-12|10:57:35.472] Successfully sealed new block            number=33054 sealhash=f0003c…e49dbd hash=c457d8…ed2369 elapsed=3.206s
INFO [11-12|10:57:35.472] 🔨 mined potential block                  number=33054 hash=c457d8…ed2369
INFO [11-12|10:57:35.472] Commit new mining work                   number=33055 sealhash=aba133…4fb7b7 uncles=1 txs=0 gas=0 fees=0 elapsed=0s
INFO [11-12|10:57:35.517] Successfully sealed new block            number=33055 sealhash=e52305…98718d hash=58f099…da7a81 elapsed=500.633ms
INFO [11-12|10:57:35.517] 🔗 block reached canonical chain          number=33048 hash=e61759…90f34c
INFO [11-12|10:57:35.517] 🔨 mined potential block                  number=33055 hash=58f099…da7a81
INFO [11-12|10:57:35.517] Commit new mining work                   number=33056 sealhash=eeee7b…a942b7 uncles=1 txs=0 gas=0 fees=0 elapsed=0s
INFO [11-12|10:57:43.201] Successfully sealed new block            number=33056 sealhash=eeee7b…a942b7 hash=fed9ea…db35da elapsed=7.683s
INFO [11-12|10:57:43.201] 🔗 block reached canonical chain          number=33049 hash=a6f6b6…6782e6
INFO [11-12|10:57:43.201] 🔨 mined potential block                  number=33056 hash=fed9ea…db35da
INFO [11-12|10:57:43.201] Commit new mining work                   number=33057 sealhash=a417d9…d1c577 uncles=0 txs=0 gas=0 fees=0 elapsed=0s
INFO [11-12|10:57:45.554] Successfully sealed new block            number=33057 sealhash=a417d9…d1c577 hash=802cdb…51c089 elapsed=2.353s
INFO [11-12|10:57:45.554] 🔗 block reached canonical chain          number=33050 hash=99c68f…dbe906
INFO [11-12|10:57:45.554] 🔨 mined potential block                  number=33057 hash=802cdb…51c089
INFO [11-12|10:57:45.554] Commit new mining work                   number=33058 sealhash=2f4645…a8f17b uncles=0 txs=0 gas=0 fees=0 elapsed=0s
INFO [11-12|10:57:50.080] Successfully sealed new block            number=33058 sealhash=2f4645…a8f17b hash=be70cb…1abb6f elapsed=4.525s
INFO [11-12|10:57:50.080] 🔗 block reached canonical chain          number=33051 hash=e6a33a…544094
INFO [11-12|10:57:50.080] 🔨 mined potential block                  number=33058 hash=be70cb…1abb6f
INFO [11-12|10:57:50.080] Commit new mining work                   number=33059 sealhash=dab8f2…602e0b uncles=0 txs=0 gas=0 fees=0 elapsed=0s
INFO [11-12|10:57:51.679] Successfully sealed new block            number=33059 sealhash=dab8f2…602e0b hash=cfe043…e42e81 elapsed=1.598s
INFO [11-12|10:57:51.679] 🔗 block reached canonical chain          number=33052 hash=88f26f…c15fa9
INFO [11-12|10:57:51.679] 🔨 mined potential block                  number=33059 hash=cfe043…e42e81
INFO [11-12|10:57:51.679] Commit new mining work                   number=33060 sealhash=e3c000…37a055 uncles=0 txs=0 gas=0 fees=0 elapsed=0s
